Warning: /home/arpit165/Desktop/XML-Parser-In-Python/__pycache__ No file exist of extension *.bpel
Warning: /home/arpit165/Desktop/XML-Parser-In-Python/.git/hooks No file exist of extension *.bpel
Warning: /home/arpit165/Desktop/XML-Parser-In-Python/.git/objects/5d No file exist of extension *.bpel
Warning: /home/arpit165/Desktop/XML-Parser-In-Python/.git/objects/c7 No file exist of extension *.bpel
Warning: /home/arpit165/Desktop/XML-Parser-In-Python/.git/objects/9a No file exist of extension *.bpel
Warning: /home/arpit165/Desktop/XML-Parser-In-Python/.git/objects/cf No file exist of extension *.bpel
Warning: /home/arpit165/Desktop/XML-Parser-In-Python/.git/objects/pack No file exist of extension *.bpel
Warning: /home/arpit165/Desktop/XML-Parser-In-Python/.git/objects/c6 No file exist of extension *.bpel
Warning: /home/arpit165/Desktop/XML-Parser-In-Python/.git/objects/35 No file exist of extension *.bpel
Warning: /home/arpit165/Desktop/XML-Parser-In-Python/.git/objects/0e No file exist of extension *.bpel
Warning: /home/arpit165/Desktop/XML-Parser-In-Python/.git/objects/1c No file exist of extension *.bpel
Warning: /home/arpit165/Desktop/XML-Parser-In-Python/.git/objects/f6 No file exist of extension *.bpel
Warning: /home/arpit165/Desktop/XML-Parser-In-Python/.git/objects/48 No file exist of extension *.bpel
Warning: /home/arpit165/Desktop/XML-Parser-In-Python/.git/objects/23 No file exist of extension *.bpel
Warning: /home/arpit165/Desktop/XML-Parser-In-Python/.git/objects/d4 No file exist of extension *.bpel
Warning: /home/arpit165/Desktop/XML-Parser-In-Python/.git/objects/27 No file exist of extension *.bpel
Warning: /home/arpit165/Desktop/XML-Parser-In-Python/.git/objects/1a No file exist of extension *.bpel
Warning: /home/arpit165/Desktop/XML-Parser-In-Python/.git/objects/5b No file exist of extension *.bpel
Warning: /home/arpit165/Desktop/XML-Parser-In-Python/.git/objects/c9 No file exist of extension *.bpel
Warning: /home/arpit165/Desktop/XML-Parser-In-Python/.git/objects/fa No file exist of extension *.bpel
Warning: /home/arpit165/Desktop/XML-Parser-In-Python/.git/objects/33 No file exist of extension *.bpel
Warning: /home/arpit165/Desktop/XML-Parser-In-Python/.git/objects/a9 No file exist of extension *.bpel
Warning: /home/arpit165/Desktop/XML-Parser-In-Python/.git/objects/38 No file exist of extension *.bpel
Warning: /home/arpit165/Desktop/XML-Parser-In-Python/.git/objects/b7 No file exist of extension *.bpel
Warning: /home/arpit165/Desktop/XML-Parser-In-Python/.git/objects/28 No file exist of extension *.bpel
Warning: /home/arpit165/Desktop/XML-Parser-In-Python/.git/objects/89 No file exist of extension *.bpel
Warning: /home/arpit165/Desktop/XML-Parser-In-Python/.git/objects/6a No file exist of extension *.bpel
Warning: /home/arpit165/Desktop/XML-Parser-In-Python/.git/objects/b0 No file exist of extension *.bpel
Warning: /home/arpit165/Desktop/XML-Parser-In-Python/.git/objects/8d No file exist of extension *.bpel
Warning: /home/arpit165/Desktop/XML-Parser-In-Python/.git/objects/info No file exist of extension *.bpel
Warning: /home/arpit165/Desktop/XML-Parser-In-Python/.git/objects/20 No file exist of extension *.bpel
Warning: /home/arpit165/Desktop/XML-Parser-In-Python/.git/objects/80 No file exist of extension *.bpel
Warning: /home/arpit165/Desktop/XML-Parser-In-Python/.git/objects/1e No file exist of extension *.bpel
Warning: /home/arpit165/Desktop/XML-Parser-In-Python/.git/objects/3d No file exist of extension *.bpel
Warning: /home/arpit165/Desktop/XML-Parser-In-Python/.git/objects No file exist of extension *.bpel
Warning: /home/arpit165/Desktop/XML-Parser-In-Python/.git/refs/remotes/origin No file exist of extension *.bpel
Warning: /home/arpit165/Desktop/XML-Parser-In-Python/.git/refs/remotes No file exist of extension *.bpel
Warning: /home/arpit165/Desktop/XML-Parser-In-Python/.git/refs/heads No file exist of extension *.bpel
Warning: /home/arpit165/Desktop/XML-Parser-In-Python/.git/refs/tags No file exist of extension *.bpel
Warning: /home/arpit165/Desktop/XML-Parser-In-Python/.git/refs No file exist of extension *.bpel
Warning: /home/arpit165/Desktop/XML-Parser-In-Python/.git/logs/refs/remotes/origin No file exist of extension *.bpel
Warning: /home/arpit165/Desktop/XML-Parser-In-Python/.git/logs/refs/remotes No file exist of extension *.bpel
Warning: /home/arpit165/Desktop/XML-Parser-In-Python/.git/logs/refs/heads No file exist of extension *.bpel
Warning: /home/arpit165/Desktop/XML-Parser-In-Python/.git/logs/refs No file exist of extension *.bpel
Warning: /home/arpit165/Desktop/XML-Parser-In-Python/.git/logs No file exist of extension *.bpel
Warning: /home/arpit165/Desktop/XML-Parser-In-Python/.git/branches No file exist of extension *.bpel
Warning: /home/arpit165/Desktop/XML-Parser-In-Python/.git/info No file exist of extension *.bpel
Warning: /home/arpit165/Desktop/XML-Parser-In-Python/.git No file exist of extension *.bpel
Warning: /home/arpit165/Desktop/XML-Parser-In-Python No file exist of extension *.bpel
